<?xml version="1.0" encoding="UTF-8"?>
<testsuite xmlns:xsi="http://www.w3.org/2001/XMLSchema-instance" xsi:noNamespaceSchemaLocation="https://maven.apache.org/surefire/maven-surefire-plugin/xsd/surefire-test-report-3.0.xsd" version="3.0" name="com.web.inventoryservice.InventoryServiceApplicationTests" time="26.507" tests="1" errors="0" skipped="0" failures="0">
  <properties>
[...]
</properties>
  <testcase name="contextLoads" classname="com.web.inventoryservice.InventoryServiceApplicationTests" time="1.975">
    <system-out><![CDATA[11:39:31.706 [main] INFO org.springframework.test.context.support.AnnotationConfigContextLoaderUtils -- Could not detect default configuration classes for test class [com.web.inventoryservice.InventoryServiceApplicationTests]: InventoryServiceApplicationTests does not declare any static, non-private, non-final, nested classes annotated with @Configuration.
11:39:32.109 [main] INFO org.springframework.boot.test.context.SpringBootTestContextBootstrapper -- Found @SpringBootConfiguration com.web.inventoryservice.InventoryServiceApplication for test class com.web.inventoryservice.InventoryServiceApplicationTests

  .   ____          _            __ _ _
 /\\ / ___'_ __ _ _(_)_ __  __ _ \ \ \ \
( ( )\___ | '_ | '_| | '_ \/ _` | \ \ \ \
 \\/  ___)| |_)| | | | | || (_| |  ) ) ) )
  '  |____| .__|_| |_|_| |_\__, | / / / /
 =========|_|==============|___/=/_/_/_/
 :: Spring Boot ::                (v3.1.5)

2023-11-17T11:39:33.853+05:30  INFO 4920 --- [           main] c.w.i.InventoryServiceApplicationTests   : Starting InventoryServiceApplicationTests using Java 21 with PID 4920 (started by tyagi in D:\workspaces\Spring Boot\MicroService-New\Inventory-Service)
2023-11-17T11:39:33.901+05:30  INFO 4920 --- [           main] c.w.i.InventoryServiceApplicationTests   : No active profile set, falling back to 1 default profile: "default"
2023-11-17T11:39:37.923+05:30  INFO 4920 --- [           main] .s.d.r.c.RepositoryConfigurationDelegate : Bootstrapping Spring Data JPA repositories in DEFAULT mode.
2023-11-17T11:39:38.593+05:30  INFO 4920 --- [           main] .s.d.r.c.RepositoryConfigurationDelegate : Finished Spring Data repository scanning in 608 ms. Found 1 JPA repository interfaces.
2023-11-17T11:39:39.742+05:30  INFO 4920 --- [           main] o.s.cloud.context.scope.GenericScope     : BeanFactory id=c4005813-3fec-38bb-b7e7-2408aed8def4
2023-11-17T11:39:42.230+05:30  INFO 4920 --- [           main] o.hibernate.jpa.internal.util.LogHelper  : HHH000204: Processing PersistenceUnitInfo [name: default]
2023-11-17T11:39:42.655+05:30  INFO 4920 --- [           main] org.hibernate.Version                    : HHH000412: Hibernate ORM core version 6.2.13.Final
2023-11-17T11:39:42.660+05:30  INFO 4920 --- [           main] org.hibernate.cfg.Environment            : HHH000406: Using bytecode reflection optimizer
2023-11-17T11:39:44.213+05:30  INFO 4920 --- [           main] o.s.o.j.p.SpringPersistenceUnitInfo      : No LoadTimeWeaver setup: ignoring JPA class transformer
2023-11-17T11:39:44.337+05:30  INFO 4920 --- [           main] com.zaxxer.hikari.HikariDataSource       : HikariPool-1 - Starting...
2023-11-17T11:39:45.505+05:30  INFO 4920 --- [           main] com.zaxxer.hikari.pool.HikariPool        : HikariPool-1 - Added connection com.mysql.cj.jdbc.ConnectionImpl@6dbbdf92
2023-11-17T11:39:45.511+05:30  INFO 4920 --- [           main] com.zaxxer.hikari.HikariDataSource       : HikariPool-1 - Start completed.
2023-11-17T11:39:45.733+05:30  WARN 4920 --- [           main] org.hibernate.orm.deprecation            : HHH90000025: MySQLDialect does not need to be specified explicitly using 'hibernate.dialect' (remove the property setting and it will be selected by default)
2023-11-17T11:39:48.181+05:30  INFO 4920 --- [           main] o.h.e.t.j.p.i.JtaPlatformInitiator       : HHH000489: No JTA platform available (set 'hibernate.transaction.jta.platform' to enable JTA platform integration)
2023-11-17T11:39:48.277+05:30  INFO 4920 --- [           main] j.LocalContainerEntityManagerFactoryBean : Initialized JPA EntityManagerFactory for persistence unit 'default'
2023-11-17T11:39:50.733+05:30  WARN 4920 --- [           main] JpaBaseConfiguration$JpaWebConfiguration : spring.jpa.open-in-view is enabled by default. Therefore, database queries may be performed during view rendering. Explicitly configure spring.jpa.open-in-view to disable this warning
2023-11-17T11:39:54.177+05:30  INFO 4920 --- [           main] DiscoveryClientOptionalArgsConfiguration : Eureka HTTP Client uses RestTemplate.
2023-11-17T11:39:54.420+05:30  WARN 4920 --- [           main] iguration$LoadBalancerCaffeineWarnLogger : Spring Cloud LoadBalancer is currently working with the default cache. While this cache implementation is useful for development and tests, it's recommended to use Caffeine cache in production.You can switch to using Caffeine cache, by adding it and org.springframework.cache.caffeine.CaffeineCacheManager to the classpath.
2023-11-17T11:39:54.469+05:30  INFO 4920 --- [           main] o.s.b.a.e.web.EndpointLinksResolver      : Exposing 1 endpoint(s) beneath base path '/actuator'
2023-11-17T11:39:54.861+05:30  INFO 4920 --- [           main] c.w.i.InventoryServiceApplicationTests   : Started InventoryServiceApplicationTests in 22.278 seconds (process running for 25.506)
]]></system-out>
    <system-err><![CDATA[WARNING: A Java agent has been loaded dynamically (C:\Users\tyagi\.m2\repository\net\bytebuddy\byte-buddy-agent\1.14.9\byte-buddy-agent-1.14.9.jar)
WARNING: If a serviceability tool is in use, please run with -XX:+EnableDynamicAgentLoading to hide this warning
WARNING: If a serviceability tool is not in use, please run with -Djdk.instrument.traceUsage for more information
WARNING: Dynamic loading of agents will be disallowed by default in a future release
]]></system-err>
  </testcase>
</testsuite>